[PID=1451][Mon Oct  8 06:42:23 2018] Error : -196608(eVOLNOTMOUNTED_RDSM) in RDsM_ReadTrain.c:90
[PID=1451][Mon Oct  8 06:42:23 2018] Error : -196608(eVOLNOTMOUNTED_RDSM) in bfm_ReadTrain.c:90
[PID=1787][Mon Oct  8 06:59:05 2018] Error : -262150(eNOTFOUND_BFM) in bfm_Hash.c:216
[PID=1787][Mon Oct  8 06:59:05 2018] Error : -262150(eNOTFOUND_BFM) in bfm_AllocTrain.c:417
[PID=1829][Mon Oct  8 06:59:31 2018] Error : -262150(eNOTFOUND_BFM) in bfm_Hash.c:216
[PID=1829][Mon Oct  8 06:59:31 2018] Error : -262150(eNOTFOUND_BFM) in bfm_AllocTrain.c:417
[PID=1871][Mon Oct  8 07:24:35 2018] Error : -262151(eNOUNFIXEDBUF_BFM) in bfm_AllocTrain.c:432
[PID=1914][Mon Oct  8 07:25:32 2018] Error : -262150(eNOTFOUND_BFM) in bfm_Hash.c:216
[PID=1914][Mon Oct  8 07:25:32 2018] Error : -262150(eNOTFOUND_BFM) in bfm_AllocTrain.c:417
[PID=1956][Mon Oct  8 07:27:14 2018] Error : -262151(eNOUNFIXEDBUF_BFM) in bfm_AllocTrain.c:432
[PID=2384][Mon Oct  8 12:08:45 2018] Error : -262151(eNOUNFIXEDBUF_BFM) in bfm_AllocTrain.c:432
[PID=256][Mon Oct  8 15:38:45 2018] Error : -262149(eFLUSHFIXEDBUF_BFM) in BfM_Dismount.c:110
[PID=256][Mon Oct  8 15:38:45 2018] Error : -262149(eFLUSHFIXEDBUF_BFM) in SM_Dismount.c:104
[PID=256][Mon Oct  8 15:38:45 2018] Error : -262149(eFLUSHFIXEDBUF_BFM) in LRDS_Dismount.c:246
[PID=256][Mon Oct  8 15:38:45 2018] Error : -262149(eFLUSHFIXEDBUF_BFM) in LRDS_Dismount.c:143
[PID=298][Mon Oct  8 15:40:47 2018] Error : -262149(eFLUSHFIXEDBUF_BFM) in BfM_Dismount.c:110
[PID=298][Mon Oct  8 15:40:47 2018] Error : -262149(eFLUSHFIXEDBUF_BFM) in SM_Dismount.c:104
[PID=298][Mon Oct  8 15:40:47 2018] Error : -262149(eFLUSHFIXEDBUF_BFM) in LRDS_Dismount.c:246
[PID=298][Mon Oct  8 15:40:47 2018] Error : -262149(eFLUSHFIXEDBUF_BFM) in LRDS_Dismount.c:143
[PID=340][Mon Oct  8 15:42:40 2018] Error : -262149(eFLUSHFIXEDBUF_BFM) in BfM_Dismount.c:110
[PID=340][Mon Oct  8 15:42:40 2018] Error : -262149(eFLUSHFIXEDBUF_BFM) in SM_Dismount.c:104
[PID=340][Mon Oct  8 15:42:40 2018] Error : -262149(eFLUSHFIXEDBUF_BFM) in LRDS_Dismount.c:246
[PID=340][Mon Oct  8 15:42:40 2018] Error : -262149(eFLUSHFIXEDBUF_BFM) in LRDS_Dismount.c:143
[PID=382][Mon Oct  8 15:46:06 2018] Error : -262149(eFLUSHFIXEDBUF_BFM) in BfM_Dismount.c:110
[PID=382][Mon Oct  8 15:46:06 2018] Error : -262149(eFLUSHFIXEDBUF_BFM) in SM_Dismount.c:104
[PID=382][Mon Oct  8 15:46:06 2018] Error : -262149(eFLUSHFIXEDBUF_BFM) in LRDS_Dismount.c:246
[PID=382][Mon Oct  8 15:46:06 2018] Error : -262149(eFLUSHFIXEDBUF_BFM) in LRDS_Dismount.c:143
[PID=425][Mon Oct  8 15:47:00 2018] Error : -262149(eFLUSHFIXEDBUF_BFM) in BfM_Dismount.c:110
[PID=425][Mon Oct  8 15:47:00 2018] Error : -262149(eFLUSHFIXEDBUF_BFM) in SM_Dismount.c:104
[PID=425][Mon Oct  8 15:47:00 2018] Error : -262149(eFLUSHFIXEDBUF_BFM) in LRDS_Dismount.c:246
[PID=425][Mon Oct  8 15:47:00 2018] Error : -262149(eFLUSHFIXEDBUF_BFM) in LRDS_Dismount.c:143
[PID=467][Mon Oct  8 15:47:26 2018] Error : -262149(eFLUSHFIXEDBUF_BFM) in BfM_Dismount.c:110
[PID=467][Mon Oct  8 15:47:26 2018] Error : -262149(eFLUSHFIXEDBUF_BFM) in SM_Dismount.c:104
[PID=467][Mon Oct  8 15:47:26 2018] Error : -262149(eFLUSHFIXEDBUF_BFM) in LRDS_Dismount.c:246
[PID=467][Mon Oct  8 15:47:26 2018] Error : -262149(eFLUSHFIXEDBUF_BFM) in LRDS_Dismount.c:143
[PID=554][Mon Oct  8 15:49:38 2018] Error : -262151(eNOUNFIXEDBUF_BFM) in bfm_AllocTrain.c:432
[PID=554][Mon Oct  8 15:49:38 2018] Error : -262151(eNOUNFIXEDBUF_BFM) in BfM_GetTrain.c:107
[PID=554][Mon Oct  8 15:49:38 2018] Error : -262151(eNOUNFIXEDBUF_BFM) in EduBfM_Test.c:227
[PID=554][Mon Oct  8 15:49:38 2018] Error : -589829(eNOLOGGEDTRANSACTION_RM) in RM_Transaction.c:311
[PID=554][Mon Oct  8 15:49:38 2018] Error : -589829(eNOLOGGEDTRANSACTION_RM) in SM_Transaction.c:258
[PID=554][Mon Oct  8 15:49:38 2018] Error : -589829(eNOLOGGEDTRANSACTION_RM) in SM_ThinLayer.c:761
[PID=554][Mon Oct  8 15:49:38 2018] Error : -589829(eNOLOGGEDTRANSACTION_RM) in LRDS_Transaction.c:133
[PID=554][Mon Oct  8 15:49:38 2018] Error : -65538(eBADPARAMETER) in Util_heap.c:298
[PID=554][Mon Oct  8 15:49:38 2018] Error : -65538(eBADPARAMETER) in LRDS_CloseScan.c:107
[PID=554][Mon Oct  8 15:49:38 2018] Error : -65538(eBADPARAMETER) in LRDS_Transaction.c:90
[PID=554][Mon Oct  8 15:49:38 2018] Error : -65539(eBADVOLUMEID) in LRDS_Dismount.c:73
[PID=687][Mon Oct  8 15:58:48 2018] Error : -262151(eNOUNFIXEDBUF_BFM) in bfm_AllocTrain.c:432
[PID=816][Mon Oct  8 16:02:23 2018] Error : -262149(eFLUSHFIXEDBUF_BFM) in BfM_Dismount.c:110
[PID=816][Mon Oct  8 16:02:23 2018] Error : -262149(eFLUSHFIXEDBUF_BFM) in SM_Dismount.c:104
[PID=816][Mon Oct  8 16:02:23 2018] Error : -262149(eFLUSHFIXEDBUF_BFM) in LRDS_Dismount.c:246
[PID=816][Mon Oct  8 16:02:23 2018] Error : -262149(eFLUSHFIXEDBUF_BFM) in LRDS_Dismount.c:143
[PID=858][Mon Oct  8 16:05:14 2018] Error : -262149(eFLUSHFIXEDBUF_BFM) in BfM_Dismount.c:110
[PID=858][Mon Oct  8 16:05:14 2018] Error : -262149(eFLUSHFIXEDBUF_BFM) in SM_Dismount.c:104
[PID=858][Mon Oct  8 16:05:14 2018] Error : -262149(eFLUSHFIXEDBUF_BFM) in LRDS_Dismount.c:246
[PID=858][Mon Oct  8 16:05:14 2018] Error : -262149(eFLUSHFIXEDBUF_BFM) in LRDS_Dismount.c:143
[PID=1030][Mon Oct  8 16:22:01 2018] Error : -262150(eNOTFOUND_BFM) in bfm_Hash.c:216
[PID=1030][Mon Oct  8 16:22:01 2018] Error : -262150(eNOTFOUND_BFM) in bfm_AllocTrain.c:417
[PID=1073][Mon Oct  8 16:32:43 2018] Error : -262151(eNOUNFIXEDBUF_BFM) in bfm_AllocTrain.c:432
[PID=1119][Mon Oct  8 16:33:47 2018] Error : -262151(eNOUNFIXEDBUF_BFM) in bfm_AllocTrain.c:432
[PID=1162][Mon Oct  8 16:34:36 2018] Error : -262151(eNOUNFIXEDBUF_BFM) in bfm_AllocTrain.c:432
[PID=1204][Mon Oct  8 16:46:05 2018] Error : -262151(eNOUNFIXEDBUF_BFM) in bfm_AllocTrain.c:432
[PID=1246][Mon Oct  8 16:47:47 2018] Error : -262151(eNOUNFIXEDBUF_BFM) in bfm_AllocTrain.c:432
[PID=1468][Mon Oct  8 16:59:18 2018] Error : -262151(eNOUNFIXEDBUF_BFM) in bfm_AllocTrain.c:432
[PID=1514][Mon Oct  8 17:13:30 2018] Error : -262151(eNOUNFIXEDBUF_BFM) in bfm_AllocTrain.c:432
[PID=1701][Mon Oct  8 17:30:37 2018] Error : -262151(eNOUNFIXEDBUF_BFM) in bfm_AllocTrain.c:432
[PID=1751][Mon Oct  8 17:37:33 2018] Error : -262151(eNOUNFIXEDBUF_BFM) in bfm_AllocTrain.c:432
[PID=1797][Mon Oct  8 18:14:55 2018] Error : -262151(eNOUNFIXEDBUF_BFM) in bfm_AllocTrain.c:432
[PID=1843][Mon Oct  8 18:16:00 2018] Error : -262151(eNOUNFIXEDBUF_BFM) in bfm_AllocTrain.c:432
[PID=1890][Mon Oct  8 18:18:02 2018] Error : -262151(eNOUNFIXEDBUF_BFM) in bfm_AllocTrain.c:432
[PID=1936][Mon Oct  8 18:19:26 2018] Error : -262151(eNOUNFIXEDBUF_BFM) in bfm_AllocTrain.c:432
[PID=1982][Mon Oct  8 18:21:21 2018] Error : -262151(eNOUNFIXEDBUF_BFM) in bfm_AllocTrain.c:432
[PID=2170][Mon Oct  8 18:26:58 2018] Error : -262151(eNOUNFIXEDBUF_BFM) in bfm_AllocTrain.c:432
[PID=2236][Mon Oct  8 18:29:42 2018] Error : -262151(eNOUNFIXEDBUF_BFM) in bfm_AllocTrain.c:432
[PID=2282][Mon Oct  8 18:30:40 2018] Error : -262151(eNOUNFIXEDBUF_BFM) in bfm_AllocTrain.c:432
[PID=2328][Mon Oct  8 18:32:33 2018] Error : -262151(eNOUNFIXEDBUF_BFM) in bfm_AllocTrain.c:432
[PID=2377][Mon Oct  8 18:33:28 2018] Error : -262151(eNOUNFIXEDBUF_BFM) in bfm_AllocTrain.c:432
[PID=4122][Mon Oct  8 22:27:25 2018] Error : -262150(eNOTFOUND_BFM) in edubfm_Hash.c:178
[PID=4122][Mon Oct  8 22:27:25 2018] Error : -262150(eNOTFOUND_BFM) in edubfm_Hash.c:178
[PID=4122][Mon Oct  8 22:27:25 2018] Error : -262150(eNOTFOUND_BFM) in edubfm_Hash.c:178
[PID=4122][Mon Oct  8 22:27:25 2018] Error : -262150(eNOTFOUND_BFM) in edubfm_Hash.c:178
[PID=4122][Mon Oct  8 22:27:25 2018] Error : -262150(eNOTFOUND_BFM) in edubfm_Hash.c:178
[PID=4122][Mon Oct  8 22:27:25 2018] Error : -262150(eNOTFOUND_BFM) in edubfm_Hash.c:178
[PID=4123][Mon Oct  8 22:27:42 2018] Error : -262150(eNOTFOUND_BFM) in edubfm_Hash.c:178
[PID=4123][Mon Oct  8 22:27:42 2018] Error : -262150(eNOTFOUND_BFM) in edubfm_Hash.c:178
[PID=4123][Mon Oct  8 22:27:42 2018] Error : -262150(eNOTFOUND_BFM) in edubfm_Hash.c:178
[PID=4123][Mon Oct  8 22:27:42 2018] Error : -262150(eNOTFOUND_BFM) in edubfm_Hash.c:178
[PID=4123][Mon Oct  8 22:27:42 2018] Error : -262150(eNOTFOUND_BFM) in edubfm_Hash.c:178
[PID=4123][Mon Oct  8 22:27:42 2018] Error : -262150(eNOTFOUND_BFM) in edubfm_Hash.c:178
[PID=4173][Mon Oct  8 22:29:41 2018] Error : -262151(eNOUNFIXEDBUF_BFM) in bfm_AllocTrain.c:432
